2011/02/25 17:04:11 にビルドを開始しました。
     1>ノード 2 上のプロジェクト "C:\Users\happy\Documents\Visual Studio 2010\Projects\MouseEmulate\MouseEmulate\MouseEmulate.vcxproj" (build ターゲット)。
     1>InitializeBuildStatus:
         "AlwaysCreate" が指定されたため "Release\MouseEmulate.unsuccessfulbuild" を作成しています。
       ClCompile:
         すべての出力が最新のものです。
         C:\Program Files\Microsoft Visual Studio 10.0\VC\bin\CL.exe /c /Zi /nologo /W3 /WX- /O2 /Oi /Oy- /GL /D WIN32 /D NDEBUG /D _WINDOWS /D _UNICODE /D UNICODE /Gm- /EHsc /MD /GS /Gy /fp:precise /Zc:wchar_t /Zc:forScope /Yu"StdAfx.h" /Fp"Release\MouseEmulate.pch" /Fo"Release\\" /Fd"Release\vc100.pdb" /Gd /TP /analyze- /errorReport:prompt MouseEmulate.cpp
         MouseEmulate.cpp
     1>MouseEmulate.cpp(207): warning C4996: 'strcmpi': The POSIX name for this item is deprecated. Instead, use the ISO C++ conformant name: _strcmpi. See online help for details.
                 C:\Program Files\Microsoft Visual Studio 10.0\VC\include\string.h(245) : 'strcmpi' の宣言を確認してください。
     1>MouseEmulate.cpp(211): warning C4996: 'strcmpi': The POSIX name for this item is deprecated. Instead, use the ISO C++ conformant name: _strcmpi. See online help for details.
                 C:\Program Files\Microsoft Visual Studio 10.0\VC\include\string.h(245) : 'strcmpi' の宣言を確認してください。
     1>MouseEmulate.cpp(215): warning C4996: 'strcmpi': The POSIX name for this item is deprecated. Instead, use the ISO C++ conformant name: _strcmpi. See online help for details.
                 C:\Program Files\Microsoft Visual Studio 10.0\VC\include\string.h(245) : 'strcmpi' の宣言を確認してください。
     1>MouseEmulate.cpp(269): error C2146: 構文エラー : ';' が、識別子 'operation' の前に必要です。
     1>MouseEmulate.cpp(269): warning C4551: 関数呼び出しに引数リストがありません。
     1>MouseEmulate.cpp(269): error C2065: 'operation' : 定義されていない識別子です。
     1>プロジェクト "C:\Users\happy\Documents\Visual Studio 2010\Projects\MouseEmulate\MouseEmulate\MouseEmulate.vcxproj" (build ターゲット) のビルドが終了しました -- 失敗。

ビルドに失敗しました。

経過時間 00:00:00.11
