2011/02/23 15:40:07 にビルドを開始しました。
     1>ノード 2 上のプロジェクト "C:\Users\happy\documents\visual studio 2010\Projects\MouseEmulate\MouseEmulate\MouseEmulate.vcxproj" (build ターゲット)。
     1>InitializeBuildStatus:
         "AlwaysCreate" が指定されたため "Debug\MouseEmulate.unsuccessfulbuild" を作成しています。
       ClCompile:
         すべての出力が最新のものです。
         C:\Program Files\Microsoft Visual Studio 10.0\VC\bin\CL.exe /c /ZI /nologo /W3 /WX- /Od /Oy- /D WIN32 /D _DEBUG /D _WINDOWS /D _UNICODE /D UNICODE /Gm /EHsc /RTC1 /MDd /GS /fp:precise /Zc:wchar_t /Zc:forScope /Yu"StdAfx.h" /Fp"Debug\MouseEmulate.pch" /Fo"Debug\\" /Fd"Debug\vc100.pdb" /Gd /TP /analyze- /errorReport:prompt MouseEmulate.cpp
         MouseEmulate.cpp
       ResourceCompile:
         すべての出力が最新のものです。
       ManifestResourceCompile:
         すべての出力が最新のものです。
       Link:
         C:\Program Files\Microsoft Visual Studio 10.0\VC\bin\link.exe /ERRORREPORT:PROMPT /OUT:"C:\Users\happy\documents\visual studio 2010\Projects\MouseEmulate\Debug\MouseEmulate.exe" /INCREMENTAL /NOLOGO ws2_32.lib iphlpapi.lib kernel32.lib user32.lib gdi32.lib winspool.lib comdlg32.lib advapi32.lib shell32.lib ole32.lib oleaut32.lib uuid.lib odbc32.lib odbccp32.lib /MANIFEST /ManifestFile:"Debug\MouseEmulate.exe.intermediate.manifest" /MANIFESTUAC:"level='asInvoker' uiAccess='false'" /DEBUG /PDB:"C:\Users\happy\documents\visual studio 2010\Projects\MouseEmulate\Debug\MouseEmulate.pdb" /SUBSYSTEM:WINDOWS /TLBID:1 /DYNAMICBASE /NXCOMPAT /IMPLIB:"C:\Users\happy\documents\visual studio 2010\Projects\MouseEmulate\Debug\MouseEmulate.lib" /MACHINE:X86 Debug\MouseEmulate.res
         Debug\MouseEmulate.exe.embed.manifest.res
         Debug\MouseEmulate.obj
         Debug\Receiver.obj
         Debug\stdafx.obj
       Manifest:
         C:\Program Files\Microsoft SDKs\Windows\v7.0A\bin\mt.exe /nologo /verbose /out:"Debug\MouseEmulate.exe.embed.manifest" /manifest Debug\MouseEmulate.exe.intermediate.manifest
         すべての出力が最新のものです。
       LinkEmbedManifest:
         すべての出力が最新のものです。
         MouseEmulate.vcxproj -> C:\Users\happy\documents\visual studio 2010\Projects\MouseEmulate\Debug\MouseEmulate.exe
       FinalizeBuildStatus:
         ファイル "Debug\MouseEmulate.unsuccessfulbuild" を削除しています。
         "Debug\MouseEmulate.lastbuildstate" のタッチ タスクを実行しています。
     1>プロジェクト "C:\Users\happy\documents\visual studio 2010\Projects\MouseEmulate\MouseEmulate\MouseEmulate.vcxproj" (build ターゲット) のビルドが完了しました。

ビルドに成功しました。

経過時間 00:00:00.63
